LINE ADDR CONTENTS SOURCE LINE
  1.              	.EQU @,$000
  2.              	.EQU KEYBOARD_STATUS, $000
  3.              	.EQU KEYBOARD_DATA, $001
  4.              	.EQU MONITOR_VIDEO_BUFFER, $100
  5.  000 010000  	LDX# $000
  6.  001 020FFC  	LDS# $FFC
  7.  002 702000  POLL_KEYBD:	INB KEYBOARD_STATUS
  8.  003 FFF038  	NOP
  9.  004 4B2002  	JGE POLL_KEYBD
 10.  005 702001  	INB KEYBOARD_DATA
 11.  006 200008  	CMA# $008
 12.  007 48200D  	JEQ BACK
 13.  008 20000D  	CMA# $00D
 14.  009 482011  	JEQ EXIT
 15.  00A 714100  OUTPUT:	OUTB+ MONITOR_VIDEO_BUFFER
 16.  00B 110001  	ADX# $001
 17.  00C 402002  	JMP POLL_KEYBD
 18.  00D 150001  BACK: 	SBX# $001
 19.  00E 000020  	LDA# $020
 20.  00F 714100  	OUTB+ MONITOR_VIDEO_BUFFER
 21.  010 402002  	JMP POLL_KEYBD
 22.  011 FFF011  EXIT:	PSHX
 23.  012 FFF003  	TXA
 24.  013 150023  	SBX# $023
 25.  014 052FFE  	STX $FFE	
 26.  015 1A0026  	MOD# $026
 27.  016 492023  	JNE ENTER
 28.  017 150003  	SBX# $003
 29.  018 052FFD  	STX $FFD
 30.  019 704100  LOOP:	INB+ MONITOR_VIDEO_BUFFER
 31.  01A 042FFF  	STA $FFF
 32.  01B 152FFD  	SBX $FFD
 33.  01C 50202C  	LDC CHR
 34.  01D 202FFF  	CMA $FFF
 35.  01E 492023  	JNE ENTER
 36.  01F 112FFD  	ADX $FFD
 37.  020 602FFE  	AOC $FFE
 38.  021 4B202B  	JGE END
 39.  022 402019  	JMP LOOP
 40.  023 FFF014  ENTER:	POPX
 41.  024 052FFF  	STX $FFF
 42.  025 002FFF  	LDA $FFF
 43.  026 1A0026  	MOD# $026
 44.  027 042FFE  	STA $FFE
 45.  028 110026  	ADX# $026
 46.  029 152FFE  	SBX $FFE
 47.  02A 402002  	JMP POLL_KEYBD
 48.  02B FFFFFF  END: 	HLT
 49.  02C 657869  CHR: 	.CHAR 'exit'
      02D 742020
 50.  02E 000004  CHR_LEN: 	.WORD 4

                     SYMBOL TABLE CONTENTS

00000D = BACK            00002C = CHR             00002E = CHR_LEN         
00002B = END             000023 = ENTER           000011 = EXIT            
000001 = KEYBOARD_DATA   000000 = KEYBOARD_STATUS 000019 = LOOP            
000100 = MONITOR_VIDEO_BUFFER00000A = OUTPUT          000002 = POLL_KEYBD      
